Reachable types computed on: Fri Jul 03 19:02:11 BST 2009
com.google.gwt.benchmarks.client.impl.BenchmarkResults
   Serialization status
      Instantiable
   Path
      'com.google.gwt.benchmarks.client.impl.BenchmarkResults' is reachable as a subtype of type 'class com.google.gwt.junit.client.impl.JUnitResult'
      Started from 'com.google.gwt.junit.client.impl.JUnitResult'

com.google.gwt.benchmarks.client.impl.Trial
   Serialization status
      Instantiable
   Path
      'com.google.gwt.benchmarks.client.impl.Trial' is reachable as a subtype of type 'class com.google.gwt.benchmarks.client.impl.Trial'
      Type 'com.google.gwt.benchmarks.client.impl.Trial' is reachable from array type 'com.google.gwt.benchmarks.client.impl.Trial[]'
      'com.google.gwt.benchmarks.client.impl.Trial' is reachable from type argument 0 of type 'java.util.Arrays.ArrayList<E>'
      'java.util.Arrays.ArrayList<com.google.gwt.benchmarks.client.impl.Trial>' is reachable as a subtype of type 'interface java.util.List<com.google.gwt.benchmarks.client.impl.Trial>'
      'java.util.List<com.google.gwt.benchmarks.client.impl.Trial>' is reachable from field 'trials' of type 'com.google.gwt.benchmarks.client.impl.BenchmarkResults'
      'com.google.gwt.benchmarks.client.impl.BenchmarkResults' is reachable as a subtype of type 'class com.google.gwt.junit.client.impl.JUnitResult'
      Started from 'com.google.gwt.junit.client.impl.JUnitResult'

com.google.gwt.benchmarks.client.impl.Trial[]
   Serialization status
      Instantiable
   Path
      'com.google.gwt.benchmarks.client.impl.Trial' is reachable from type argument 0 of type 'java.util.Arrays.ArrayList<E>'
      'java.util.Arrays.ArrayList<com.google.gwt.benchmarks.client.impl.Trial>' is reachable as a subtype of type 'interface java.util.List<com.google.gwt.benchmarks.client.impl.Trial>'
      'java.util.List<com.google.gwt.benchmarks.client.impl.Trial>' is reachable from field 'trials' of type 'com.google.gwt.benchmarks.client.impl.BenchmarkResults'
      'com.google.gwt.benchmarks.client.impl.BenchmarkResults' is reachable as a subtype of type 'class com.google.gwt.junit.client.impl.JUnitResult'
      Started from 'com.google.gwt.junit.client.impl.JUnitResult'

com.google.gwt.junit.client.TimeoutException
   Serialization status
      Instantiable
   Path
      'com.google.gwt.junit.client.TimeoutException' is reachable as a subtype of type 'class com.google.gwt.junit.client.TimeoutException'
      Started from 'com.google.gwt.junit.client.TimeoutException'

com.google.gwt.junit.client.impl.ExceptionWrapper
   Serialization status
      Instantiable
   Path
      'com.google.gwt.junit.client.impl.ExceptionWrapper' is reachable as a subtype of type 'class com.google.gwt.junit.client.impl.ExceptionWrapper'
      'com.google.gwt.junit.client.impl.ExceptionWrapper' is reachable from field 'exceptionWrapper' of type 'com.google.gwt.junit.client.impl.JUnitResult'
      'com.google.gwt.junit.client.impl.JUnitResult' is reachable as a subtype of type 'class com.google.gwt.junit.client.impl.JUnitResult'
      Started from 'com.google.gwt.junit.client.impl.JUnitResult'

com.google.gwt.junit.client.impl.JUnitHost.TestInfo
   Serialization status
      Instantiable
   Path
      'com.google.gwt.junit.client.impl.JUnitHost.TestInfo' is reachable as a subtype of type 'class com.google.gwt.junit.client.impl.JUnitHost.TestInfo'
      Started from 'com.google.gwt.junit.client.impl.JUnitHost.TestInfo'

com.google.gwt.junit.client.impl.JUnitResult
   Serialization status
      Instantiable
   Path
      'com.google.gwt.junit.client.impl.JUnitResult' is reachable as a subtype of type 'class com.google.gwt.junit.client.impl.JUnitResult'
      Started from 'com.google.gwt.junit.client.impl.JUnitResult'

com.google.gwt.junit.client.impl.StackTraceWrapper
   Serialization status
      Instantiable
   Path
      'com.google.gwt.junit.client.impl.StackTraceWrapper' is reachable as a subtype of type 'class com.google.gwt.junit.client.impl.StackTraceWrapper'
      Type 'com.google.gwt.junit.client.impl.StackTraceWrapper' is reachable from array type 'com.google.gwt.junit.client.impl.StackTraceWrapper[]'
      'com.google.gwt.junit.client.impl.StackTraceWrapper[]' is reachable from field 'stackTrace' of type 'com.google.gwt.junit.client.impl.ExceptionWrapper'
      'com.google.gwt.junit.client.impl.ExceptionWrapper' is reachable as a subtype of type 'class com.google.gwt.junit.client.impl.ExceptionWrapper'
      'com.google.gwt.junit.client.impl.ExceptionWrapper' is reachable from field 'exceptionWrapper' of type 'com.google.gwt.junit.client.impl.JUnitResult'
      'com.google.gwt.junit.client.impl.JUnitResult' is reachable as a subtype of type 'class com.google.gwt.junit.client.impl.JUnitResult'
      Started from 'com.google.gwt.junit.client.impl.JUnitResult'

com.google.gwt.junit.client.impl.StackTraceWrapper[]
   Serialization status
      Instantiable
   Path
      'com.google.gwt.junit.client.impl.StackTraceWrapper[]' is reachable from field 'stackTrace' of type 'com.google.gwt.junit.client.impl.ExceptionWrapper'
      'com.google.gwt.junit.client.impl.ExceptionWrapper' is reachable as a subtype of type 'class com.google.gwt.junit.client.impl.ExceptionWrapper'
      'com.google.gwt.junit.client.impl.ExceptionWrapper' is reachable from field 'exceptionWrapper' of type 'com.google.gwt.junit.client.impl.JUnitResult'
      'com.google.gwt.junit.client.impl.JUnitResult' is reachable as a subtype of type 'class com.google.gwt.junit.client.impl.JUnitResult'
      Started from 'com.google.gwt.junit.client.impl.JUnitResult'

com.google.gwt.user.client.rpc.IncompatibleRemoteServiceException
   Serialization status
      Instantiable
   Path
      'com.google.gwt.user.client.rpc.IncompatibleRemoteServiceException' is reachable as a subtype of type 'class com.google.gwt.user.client.rpc.IncompatibleRemoteServiceException'
      Started from 'com.google.gwt.user.client.rpc.IncompatibleRemoteServiceException'

java.lang.Exception
   Serialization status
      Field serializable
   Path
      'java.lang.Exception' is reachable as a supertype of type 'class java.lang.RuntimeException'
      'java.lang.RuntimeException' is reachable as a supertype of type 'class com.google.gwt.user.client.rpc.IncompatibleRemoteServiceException'
      'com.google.gwt.user.client.rpc.IncompatibleRemoteServiceException' is reachable as a subtype of type 'class com.google.gwt.user.client.rpc.IncompatibleRemoteServiceException'
      Started from 'com.google.gwt.user.client.rpc.IncompatibleRemoteServiceException'

java.lang.RuntimeException
   Serialization status
      Field serializable
   Path
      'java.lang.RuntimeException' is reachable as a supertype of type 'class com.google.gwt.user.client.rpc.IncompatibleRemoteServiceException'
      'com.google.gwt.user.client.rpc.IncompatibleRemoteServiceException' is reachable as a subtype of type 'class com.google.gwt.user.client.rpc.IncompatibleRemoteServiceException'
      Started from 'com.google.gwt.user.client.rpc.IncompatibleRemoteServiceException'

java.lang.String
   Serialization status
      Instantiable
   Path
      'java.lang.String' is reachable as a subtype of type 'class java.lang.String'
      Started from 'java.lang.String'

java.lang.Throwable
   Serialization status
      Field serializable
   Path
      'java.lang.Throwable' is reachable as a supertype of type 'class java.lang.Exception'
      'java.lang.Exception' is reachable as a supertype of type 'class java.lang.RuntimeException'
      'java.lang.RuntimeException' is reachable as a supertype of type 'class com.google.gwt.user.client.rpc.IncompatibleRemoteServiceException'
      'com.google.gwt.user.client.rpc.IncompatibleRemoteServiceException' is reachable as a subtype of type 'class com.google.gwt.user.client.rpc.IncompatibleRemoteServiceException'
      Started from 'com.google.gwt.user.client.rpc.IncompatibleRemoteServiceException'

java.util.ArrayList<com.google.gwt.benchmarks.client.impl.Trial>
   Serialization status
      Instantiable
   Path
      'java.util.ArrayList<com.google.gwt.benchmarks.client.impl.Trial>' is reachable as a subtype of type 'interface java.util.List<com.google.gwt.benchmarks.client.impl.Trial>'
      'java.util.List<com.google.gwt.benchmarks.client.impl.Trial>' is reachable from field 'trials' of type 'com.google.gwt.benchmarks.client.impl.BenchmarkResults'
      'com.google.gwt.benchmarks.client.impl.BenchmarkResults' is reachable as a subtype of type 'class com.google.gwt.junit.client.impl.JUnitResult'
      Started from 'com.google.gwt.junit.client.impl.JUnitResult'

java.util.Arrays.ArrayList<com.google.gwt.benchmarks.client.impl.Trial>
   Serialization status
      Instantiable
   Path
      'java.util.Arrays.ArrayList<com.google.gwt.benchmarks.client.impl.Trial>' is reachable as a subtype of type 'interface java.util.List<com.google.gwt.benchmarks.client.impl.Trial>'
      'java.util.List<com.google.gwt.benchmarks.client.impl.Trial>' is reachable from field 'trials' of type 'com.google.gwt.benchmarks.client.impl.BenchmarkResults'
      'com.google.gwt.benchmarks.client.impl.BenchmarkResults' is reachable as a subtype of type 'class com.google.gwt.junit.client.impl.JUnitResult'
      Started from 'com.google.gwt.junit.client.impl.JUnitResult'

java.util.HashMap<java.lang.String, java.lang.String>
   Serialization status
      Instantiable
   Path
      'java.util.HashMap<java.lang.String, java.lang.String>' is reachable as a supertype of type 'class java.util.LinkedHashMap<java.lang.String, java.lang.String>'
      'java.util.LinkedHashMap<java.lang.String, java.lang.String>' is reachable as a subtype of type 'interface java.util.Map<java.lang.String, java.lang.String>'
      'java.util.Map<java.lang.String, java.lang.String>' is reachable from field 'variables' of type 'com.google.gwt.benchmarks.client.impl.Trial'
      'com.google.gwt.benchmarks.client.impl.Trial' is reachable as a subtype of type 'class com.google.gwt.benchmarks.client.impl.Trial'
      Type 'com.google.gwt.benchmarks.client.impl.Trial' is reachable from array type 'com.google.gwt.benchmarks.client.impl.Trial[]'
      'com.google.gwt.benchmarks.client.impl.Trial' is reachable from type argument 0 of type 'java.util.Arrays.ArrayList<E>'
      'java.util.Arrays.ArrayList<com.google.gwt.benchmarks.client.impl.Trial>' is reachable as a subtype of type 'interface java.util.List<com.google.gwt.benchmarks.client.impl.Trial>'
      'java.util.List<com.google.gwt.benchmarks.client.impl.Trial>' is reachable from field 'trials' of type 'com.google.gwt.benchmarks.client.impl.BenchmarkResults'
      'com.google.gwt.benchmarks.client.impl.BenchmarkResults' is reachable as a subtype of type 'class com.google.gwt.junit.client.impl.JUnitResult'
      Started from 'com.google.gwt.junit.client.impl.JUnitResult'

java.util.IdentityHashMap<java.lang.String, java.lang.String>
   Serialization status
      Instantiable
   Path
      'java.util.IdentityHashMap<java.lang.String, java.lang.String>' is reachable as a subtype of type 'interface java.util.Map<java.lang.String, java.lang.String>'
      'java.util.Map<java.lang.String, java.lang.String>' is reachable from field 'variables' of type 'com.google.gwt.benchmarks.client.impl.Trial'
      'com.google.gwt.benchmarks.client.impl.Trial' is reachable as a subtype of type 'class com.google.gwt.benchmarks.client.impl.Trial'
      Type 'com.google.gwt.benchmarks.client.impl.Trial' is reachable from array type 'com.google.gwt.benchmarks.client.impl.Trial[]'
      'com.google.gwt.benchmarks.client.impl.Trial' is reachable from type argument 0 of type 'java.util.Arrays.ArrayList<E>'
      'java.util.Arrays.ArrayList<com.google.gwt.benchmarks.client.impl.Trial>' is reachable as a subtype of type 'interface java.util.List<com.google.gwt.benchmarks.client.impl.Trial>'
      'java.util.List<com.google.gwt.benchmarks.client.impl.Trial>' is reachable from field 'trials' of type 'com.google.gwt.benchmarks.client.impl.BenchmarkResults'
      'com.google.gwt.benchmarks.client.impl.BenchmarkResults' is reachable as a subtype of type 'class com.google.gwt.junit.client.impl.JUnitResult'
      Started from 'com.google.gwt.junit.client.impl.JUnitResult'

java.util.LinkedHashMap<java.lang.String, java.lang.String>
   Serialization status
      Instantiable
   Path
      'java.util.LinkedHashMap<java.lang.String, java.lang.String>' is reachable as a subtype of type 'interface java.util.Map<java.lang.String, java.lang.String>'
      'java.util.Map<java.lang.String, java.lang.String>' is reachable from field 'variables' of type 'com.google.gwt.benchmarks.client.impl.Trial'
      'com.google.gwt.benchmarks.client.impl.Trial' is reachable as a subtype of type 'class com.google.gwt.benchmarks.client.impl.Trial'
      Type 'com.google.gwt.benchmarks.client.impl.Trial' is reachable from array type 'com.google.gwt.benchmarks.client.impl.Trial[]'
      'com.google.gwt.benchmarks.client.impl.Trial' is reachable from type argument 0 of type 'java.util.Arrays.ArrayList<E>'
      'java.util.Arrays.ArrayList<com.google.gwt.benchmarks.client.impl.Trial>' is reachable as a subtype of type 'interface java.util.List<com.google.gwt.benchmarks.client.impl.Trial>'
      'java.util.List<com.google.gwt.benchmarks.client.impl.Trial>' is reachable from field 'trials' of type 'com.google.gwt.benchmarks.client.impl.BenchmarkResults'
      'com.google.gwt.benchmarks.client.impl.BenchmarkResults' is reachable as a subtype of type 'class com.google.gwt.junit.client.impl.JUnitResult'
      Started from 'com.google.gwt.junit.client.impl.JUnitResult'

java.util.LinkedList<com.google.gwt.benchmarks.client.impl.Trial>
   Serialization status
      Instantiable
   Path
      'java.util.LinkedList<com.google.gwt.benchmarks.client.impl.Trial>' is reachable as a subtype of type 'interface java.util.List<com.google.gwt.benchmarks.client.impl.Trial>'
      'java.util.List<com.google.gwt.benchmarks.client.impl.Trial>' is reachable from field 'trials' of type 'com.google.gwt.benchmarks.client.impl.BenchmarkResults'
      'com.google.gwt.benchmarks.client.impl.BenchmarkResults' is reachable as a subtype of type 'class com.google.gwt.junit.client.impl.JUnitResult'
      Started from 'com.google.gwt.junit.client.impl.JUnitResult'

java.util.Stack<com.google.gwt.benchmarks.client.impl.Trial>
   Serialization status
      Instantiable
   Path
      'java.util.Stack<com.google.gwt.benchmarks.client.impl.Trial>' is reachable as a subtype of type 'interface java.util.List<com.google.gwt.benchmarks.client.impl.Trial>'
      'java.util.List<com.google.gwt.benchmarks.client.impl.Trial>' is reachable from field 'trials' of type 'com.google.gwt.benchmarks.client.impl.BenchmarkResults'
      'com.google.gwt.benchmarks.client.impl.BenchmarkResults' is reachable as a subtype of type 'class com.google.gwt.junit.client.impl.JUnitResult'
      Started from 'com.google.gwt.junit.client.impl.JUnitResult'

java.util.TreeMap<java.lang.String, java.lang.String>
   Serialization status
      Instantiable
   Path
      'java.util.TreeMap<java.lang.String, java.lang.String>' is reachable as a subtype of type 'interface java.util.Map<java.lang.String, java.lang.String>'
      'java.util.Map<java.lang.String, java.lang.String>' is reachable from field 'variables' of type 'com.google.gwt.benchmarks.client.impl.Trial'
      'com.google.gwt.benchmarks.client.impl.Trial' is reachable as a subtype of type 'class com.google.gwt.benchmarks.client.impl.Trial'
      Type 'com.google.gwt.benchmarks.client.impl.Trial' is reachable from array type 'com.google.gwt.benchmarks.client.impl.Trial[]'
      'com.google.gwt.benchmarks.client.impl.Trial' is reachable from type argument 0 of type 'java.util.Arrays.ArrayList<E>'
      'java.util.Arrays.ArrayList<com.google.gwt.benchmarks.client.impl.Trial>' is reachable as a subtype of type 'interface java.util.List<com.google.gwt.benchmarks.client.impl.Trial>'
      'java.util.List<com.google.gwt.benchmarks.client.impl.Trial>' is reachable from field 'trials' of type 'com.google.gwt.benchmarks.client.impl.BenchmarkResults'
      'com.google.gwt.benchmarks.client.impl.BenchmarkResults' is reachable as a subtype of type 'class com.google.gwt.junit.client.impl.JUnitResult'
      Started from 'com.google.gwt.junit.client.impl.JUnitResult'

java.util.Vector<com.google.gwt.benchmarks.client.impl.Trial>
   Serialization status
      Instantiable
   Path
      'java.util.Vector<com.google.gwt.benchmarks.client.impl.Trial>' is reachable as a subtype of type 'interface java.util.List<com.google.gwt.benchmarks.client.impl.Trial>'
      'java.util.List<com.google.gwt.benchmarks.client.impl.Trial>' is reachable from field 'trials' of type 'com.google.gwt.benchmarks.client.impl.BenchmarkResults'
      'com.google.gwt.benchmarks.client.impl.BenchmarkResults' is reachable as a subtype of type 'class com.google.gwt.junit.client.impl.JUnitResult'
      Started from 'com.google.gwt.junit.client.impl.JUnitResult'

